<?xml version="1.0" encoding="UTF-8"?>
<!-- Generated by org.testng.reporters.JUnitXMLReporter -->
<testsuite ignored="0" hostname="EC2AMAZ-S11DBRH" failures="0" tests="4" name="Default test" time="0.093" errors="0" timestamp="2023-10-09T07:22:35 GMT">
  <testcase classname="ParallelTest.SampleTwoTest" name="testFour" time="0.019"/>
  <testcase classname="ParallelTest.SampleTwoTest" name="testFour" time="0.024"/>
  <testcase classname="ParallelTest.SampleTwoTest" name="testFour" time="0.003"/>
  <testcase classname="ParallelTest.SampleTwoTest" name="testFour" time="0.008"/>
</testsuite> <!-- Default test -->
