<?xml version="1.0" encoding="UTF-8"?>
<!-- Generated by org.testng.reporters.JUnitXMLReporter -->
<testsuite ignored="0" hostname="EC2AMAZ-S11DBRH" failures="0" tests="4" name="Test" time="0.072" errors="0" timestamp="2023-10-09T07:18:12 GMT">
  <testcase classname="ParallelTest.SampleThreeTest" name="testOne" time="0.013"/>
  <testcase classname="ParallelTest.SampleThreeTest" name="testFour" time="0.012"/>
  <testcase classname="ParallelTest.SampleThreeTest" name="testThree" time="0.003"/>
  <testcase classname="ParallelTest.SampleThreeTest" name="testTwo" time="0.003"/>
</testsuite> <!-- Test -->
