<?xml version="1.0" encoding="UTF-8"?>
<testng-results ignored="0" total="4" passed="4" failed="0" skipped="0">
  <reporter-output>
  </reporter-output>
  <suite started-at="2023-10-09T07:22:35 GMT" name="Default suite" finished-at="2023-10-09T07:22:35 GMT" duration-ms="93">
    <groups>
    </groups>
    <test started-at="2023-10-09T07:22:35 GMT" name="Default test" finished-at="2023-10-09T07:22:35 GMT" duration-ms="93">
      <class name="ParallelTest.SampleTwoTest">
        <test-method signature="testFour()[pri:0, instance:ParallelTest.SampleTwoTest@2e222612]" started-at="2023-10-09T07:22:35 GMT" name="testFour" finished-at="2023-10-09T07:22:35 GMT" duration-ms="24" status="PASS">
          <reporter-output>
          </reporter-output>
        </test-method> <!-- testFour -->
        <test-method signature="testFour()[pri:0, instance:ParallelTest.SampleTwoTest@2e222612]" started-at="2023-10-09T07:22:35 GMT" name="testFour" finished-at="2023-10-09T07:22:35 GMT" duration-ms="19" status="PASS">
          <reporter-output>
          </reporter-output>
        </test-method> <!-- testFour -->
        <test-method signature="testFour()[pri:0, instance:ParallelTest.SampleTwoTest@2e222612]" started-at="2023-10-09T07:22:35 GMT" name="testFour" finished-at="2023-10-09T07:22:35 GMT" duration-ms="3" status="PASS">
          <reporter-output>
          </reporter-output>
        </test-method> <!-- testFour -->
        <test-method signature="testFour()[pri:0, instance:ParallelTest.SampleTwoTest@2e222612]" started-at="2023-10-09T07:22:35 GMT" name="testFour" finished-at="2023-10-09T07:22:35 GMT" duration-ms="8" status="PASS">
          <reporter-output>
          </reporter-output>
        </test-method> <!-- testFour -->
      </class> <!-- ParallelTest.SampleTwoTest -->
    </test> <!-- Default test -->
  </suite> <!-- Default suite -->
</testng-results>
